app/build/intermediates/manifest_merge_blame_file/release/processReleaseMainManifest/manifest-merger-blame-release-report.txt
1<?xml version="1.0" encoding="utf-8"?>
2<manifest xmlns:android="http://schemas.android.com/apk/res/android"
3    package="com.is.satellite.finder.gps.detector.app"
4    android:versionCode="38"
5    android:versionName="1.4.5" >
6
7    <uses-sdk
8        android:minSdkVersion="24"
9        android:targetSdkVersion="35" />
10
11    <uses-permission android:name="android.permission.WAKE_LOCK" />
11-->src\main\AndroidManifest.xml:5:5-68
11-->src\main\AndroidManifest.xml:5:22-65
12    <uses-permission android:name="android.permission.INTERNET" />
12-->src\main\AndroidManifest.xml:6:5-67
12-->src\main\AndroidManifest.xml:6:22-64
13    <uses-permission android:name="android.permission.ACCESS_FINE_LOCATION" />
13-->src\main\AndroidManifest.xml:7:5-79
13-->src\main\AndroidManifest.xml:7:22-76
14    <uses-permission android:name="android.permission.ACCESS_COARSE_LOCATION" />
14-->src\main\AndroidManifest.xml:8:5-81
14-->src\main\AndroidManifest.xml:8:22-78
15    <uses-permission android:name="android.permission.VIBRATE" />
15-->src\main\AndroidManifest.xml:9:5-66
15-->src\main\AndroidManifest.xml:9:22-63
16    <uses-permission android:name="com.google.android.gms.permission.AD_ID" />
16-->src\main\AndroidManifest.xml:10:5-79
16-->src\main\AndroidManifest.xml:10:22-76
17    <uses-permission android:name="android.permission.POST_NOTIFICATIONS" />
17-->src\main\AndroidManifest.xml:11:5-77
17-->src\main\AndroidManifest.xml:11:22-74
18
19    <uses-feature
19-->src\main\AndroidManifest.xml:13:5-15:35
20        android:name="android.hardware.sensor.accelerometer"
20-->src\main\AndroidManifest.xml:14:9-61
21        android:required="true" />
21-->src\main\AndroidManifest.xml:15:9-32
22
23    <uses-permission android:name="com.android.vending.BILLING" />
23-->[com.android.billingclient:billing:6.1.0] AndroidManifest.xml:10:5-67
23-->[com.android.billingclient:billing:6.1.0] AndroidManifest.xml:10:22-64
24
25    <queries>
25-->[com.android.billingclient:billing:6.1.0] AndroidManifest.xml:12:5-16:15
26        <intent>
26-->[com.android.billingclient:billing:6.1.0] AndroidManifest.xml:13:9-15:18
27            <action android:name="com.android.vending.billing.InAppBillingService.BIND" />
27-->[com.android.billingclient:billing:6.1.0] AndroidManifest.xml:14:13-91
27-->[com.android.billingclient:billing:6.1.0] AndroidManifest.xml:14:21-88
28        </intent>
29        <!-- Needs to be explicitly declared on Android R+ -->
30        <package android:name="com.google.android.apps.maps" /> <!-- For browser content -->
30-->[com.google.android.gms:play-services-maps:18.1.0] AndroidManifest.xml:33:9-64
30-->[com.google.android.gms:play-services-maps:18.1.0] AndroidManifest.xml:33:18-61
31        <intent>
31-->[com.google.android.gms:play-services-ads-lite:22.2.0] AndroidManifest.xml:35:9-41:18
32            <action android:name="android.intent.action.VIEW" />
32-->[com.google.android.gms:play-services-ads-lite:22.2.0] AndroidManifest.xml:36:13-65
32-->[com.google.android.gms:play-services-ads-lite:22.2.0] AndroidManifest.xml:36:21-62
33
34            <category android:name="android.intent.category.BROWSABLE" />
34-->[com.google.android.gms:play-services-ads-lite:22.2.0] AndroidManifest.xml:38:13-74
34-->[com.google.android.gms:play-services-ads-lite:22.2.0] AndroidManifest.xml:38:23-71
35
36            <data android:scheme="https" />
36-->[com.google.android.gms:play-services-ads-lite:22.2.0] AndroidManifest.xml:40:13-44
36-->[com.google.android.gms:play-services-ads-lite:22.2.0] AndroidManifest.xml:40:19-41
37        </intent> <!-- End of browser content -->
38        <!-- For CustomTabsService -->
39        <intent>
39-->[com.google.android.gms:play-services-ads-lite:22.2.0] AndroidManifest.xml:44:9-46:18
40            <action android:name="android.support.customtabs.action.CustomTabsService" />
40-->[com.google.android.gms:play-services-ads-lite:22.2.0] AndroidManifest.xml:45:13-90
40-->[com.google.android.gms:play-services-ads-lite:22.2.0] AndroidManifest.xml:45:21-87
41        </intent>
42    </queries> <!-- Include required permissions for Google Maps API to run. -->
43    <uses-permission android:name="android.permission.ACCESS_NETWORK_STATE" />
43-->[com.google.android.gms:play-services-maps:18.1.0] AndroidManifest.xml:23:5-79
43-->[com.google.android.gms:play-services-maps:18.1.0] AndroidManifest.xml:23:22-76
44
45    <uses-feature
45-->[com.google.android.gms:play-services-maps:18.1.0] AndroidManifest.xml:26:5-28:35
46        android:glEsVersion="0x00020000"
46-->[com.google.android.gms:play-services-maps:18.1.0] AndroidManifest.xml:27:9-41
47        android:required="true" /> <!-- Required by older versions of Google Play services to create IID tokens -->
47-->[com.google.android.gms:play-services-maps:18.1.0] AndroidManifest.xml:28:9-32
48    <uses-permission android:name="com.google.android.c2dm.permission.RECEIVE" />
48-->[com.google.firebase:firebase-messaging:23.0.5] AndroidManifest.xml:28:5-82
48-->[com.google.firebase:firebase-messaging:23.0.5] AndroidManifest.xml:28:22-79
49    <uses-permission android:name="com.google.android.finsky.permission.BIND_GET_INSTALL_REFERRER_SERVICE" />
49-->[com.google.android.gms:play-services-measurement:21.0.0] AndroidManifest.xml:26:5-110
49-->[com.google.android.gms:play-services-measurement:21.0.0] AndroidManifest.xml:26:22-107
50    <uses-permission android:name="android.permission.FOREGROUND_SERVICE" />
50-->[androidx.work:work-runtime:2.8.1] AndroidManifest.xml:26:5-77
50-->[androidx.work:work-runtime:2.8.1] AndroidManifest.xml:26:22-74
51
52    <permission
52-->[androidx.core:core:1.13.0] AndroidManifest.xml:22:5-24:47
53        android:name="com.is.satellite.finder.gps.detector.app.DYNAMIC_RECEIVER_NOT_EXPORTED_PERMISSION"
53-->[androidx.core:core:1.13.0] AndroidManifest.xml:23:9-81
54        android:protectionLevel="signature" />
54-->[androidx.core:core:1.13.0] AndroidManifest.xml:24:9-44
55
56    <uses-permission android:name="com.is.satellite.finder.gps.detector.app.DYNAMIC_RECEIVER_NOT_EXPORTED_PERMISSION" />
56-->[androidx.core:core:1.13.0] AndroidManifest.xml:26:5-97
56-->[androidx.core:core:1.13.0] AndroidManifest.xml:26:22-94
57
58    <application
58-->src\main\AndroidManifest.xml:17:5-134:19
59        android:name="com.example.satellitefinder.utils.MyApplication"
59-->src\main\AndroidManifest.xml:18:9-44
60        android:allowBackup="true"
60-->src\main\AndroidManifest.xml:19:9-35
61        android:appComponentFactory="androidx.core.app.CoreComponentFactory"
61-->[androidx.core:core:1.13.0] AndroidManifest.xml:28:18-86
62        android:dataExtractionRules="@xml/data_extraction_rules"
62-->src\main\AndroidManifest.xml:20:9-65
63        android:extractNativeLibs="false"
64        android:fullBackupContent="@xml/backup_rules"
64-->src\main\AndroidManifest.xml:21:9-54
65        android:icon="@drawable/app_icon"
65-->src\main\AndroidManifest.xml:22:9-42
66        android:label="@string/app_name"
66-->src\main\AndroidManifest.xml:23:9-41
67        android:supportsRtl="true"
67-->src\main\AndroidManifest.xml:24:9-35
68        android:theme="@style/Theme.SatelliteFinder" >
68-->src\main\AndroidManifest.xml:25:9-53
69        <activity
69-->src\main\AndroidManifest.xml:27:9-31:51
70            android:name="com.example.satellitefinder.ui.activites.LevelerActivity"
70-->src\main\AndroidManifest.xml:28:13-57
71            android:exported="false"
71-->src\main\AndroidManifest.xml:29:13-37
72            android:hardwareAccelerated="true"
72-->src\main\AndroidManifest.xml:30:13-47
73            android:screenOrientation="portrait" />
73-->src\main\AndroidManifest.xml:31:13-49
74        <activity
74-->src\main\AndroidManifest.xml:32:9-34:40
75            android:name="com.example.satellitefinder.ui.activites.LevelActivity"
75-->src\main\AndroidManifest.xml:33:13-55
76            android:exported="false" />
76-->src\main\AndroidManifest.xml:34:13-37
77        <activity
77-->src\main\AndroidManifest.xml:35:9-37:40
78            android:name="com.example.satellitefinder.ui.activites.ExitActivity"
78-->src\main\AndroidManifest.xml:36:13-54
79            android:exported="false" />
79-->src\main\AndroidManifest.xml:37:13-37
80        <activity
80-->src\main\AndroidManifest.xml:38:9-40:40
81            android:name="com.example.satellitefinder.ui.activites.BubbleLevelActivity"
81-->src\main\AndroidManifest.xml:39:13-61
82            android:exported="false" />
82-->src\main\AndroidManifest.xml:40:13-37
83        <activity
83-->src\main\AndroidManifest.xml:41:9-43:40
84            android:name="com.example.satellitefinder.ui.activites.SubscriptionActivity"
84-->src\main\AndroidManifest.xml:42:13-62
85            android:exported="false" />
85-->src\main\AndroidManifest.xml:43:13-37
86        <activity
86-->src\main\AndroidManifest.xml:44:9-48:52
87            android:name="com.example.satellitefinder.ui.activites.CurrentLocationActivity"
87-->src\main\AndroidManifest.xml:45:13-65
88            android:exported="false"
88-->src\main\AndroidManifest.xml:46:13-37
89            android:hardwareAccelerated="true"
89-->src\main\AndroidManifest.xml:47:13-47
90            android:screenOrientation="nosensor" />
90-->src\main\AndroidManifest.xml:48:13-49
91        <activity
91-->src\main\AndroidManifest.xml:49:9-53:52
92            android:name="com.example.satellitefinder.ui.activites.LanguagesActivity"
92-->src\main\AndroidManifest.xml:50:13-59
93            android:exported="false"
93-->src\main\AndroidManifest.xml:51:13-37
94            android:hardwareAccelerated="true"
94-->src\main\AndroidManifest.xml:52:13-47
95            android:screenOrientation="nosensor" />
95-->src\main\AndroidManifest.xml:53:13-49
96        <activity
96-->src\main\AndroidManifest.xml:54:9-58:52
97            android:name="com.example.satellitefinder.ui.activites.OnBoardingScreen"
97-->src\main\AndroidManifest.xml:55:13-58
98            android:exported="false"
98-->src\main\AndroidManifest.xml:56:13-37
99            android:hardwareAccelerated="true"
99-->src\main\AndroidManifest.xml:57:13-47
100            android:screenOrientation="nosensor" />
100-->src\main\AndroidManifest.xml:58:13-49
101        <activity
101-->src\main\AndroidManifest.xml:59:9-63:45
102            android:name="com.google.android.gms.ads.AdActivity"
102-->src\main\AndroidManifest.xml:60:13-65
103            android:configChanges="keyboard|keyboardHidden|orientation|screenLayout|uiMode|screenSize|smallestScreenSize"
103-->[com.google.android.gms:play-services-ads-lite:22.2.0] AndroidManifest.xml:55:13-122
104            android:exported="false"
104-->[com.google.android.gms:play-services-ads-lite:22.2.0] AndroidManifest.xml:56:13-37
105            android:screenOrientation="nosensor"
105-->src\main\AndroidManifest.xml:61:13-49
106            android:theme="@style/myAdTheme" />
106-->src\main\AndroidManifest.xml:62:13-45
107        <activity
107-->src\main\AndroidManifest.xml:64:9-68:52
108            android:name="com.example.satellitefinder.ui.activites.MoreActivity"
108-->src\main\AndroidManifest.xml:65:13-54
109            android:exported="false"
109-->src\main\AndroidManifest.xml:66:13-37
110            android:hardwareAccelerated="true"
110-->src\main\AndroidManifest.xml:67:13-47
111            android:screenOrientation="nosensor" />
111-->src\main\AndroidManifest.xml:68:13-49
112        <activity
112-->src\main\AndroidManifest.xml:69:9-73:52
113            android:name="com.example.satellitefinder.ui.activites.CompassActivity"
113-->src\main\AndroidManifest.xml:70:13-57
114            android:exported="false"
114-->src\main\AndroidManifest.xml:71:13-37
115            android:hardwareAccelerated="true"
115-->src\main\AndroidManifest.xml:72:13-47
116            android:screenOrientation="nosensor" />
116-->src\main\AndroidManifest.xml:73:13-49
117        <activity
117-->src\main\AndroidManifest.xml:74:9-78:52
118            android:name="com.example.satellitefinder.ui.activites.MapSatelliteActivity"
118-->src\main\AndroidManifest.xml:75:13-62
119            android:exported="false"
119-->src\main\AndroidManifest.xml:76:13-37
120            android:hardwareAccelerated="true"
120-->src\main\AndroidManifest.xml:77:13-47
121            android:screenOrientation="nosensor" />
121-->src\main\AndroidManifest.xml:78:13-49
122        <activity
122-->src\main\AndroidManifest.xml:79:9-86:55
123            android:name="com.example.satellitefinder.ui.activites.SearchSatelliteActivity"
123-->src\main\AndroidManifest.xml:80:13-65
124            android:configChanges="keyboardHidden|orientation|screenSize"
124-->src\main\AndroidManifest.xml:81:13-74
125            android:exported="true"
125-->src\main\AndroidManifest.xml:82:13-36
126            android:hardwareAccelerated="true"
126-->src\main\AndroidManifest.xml:83:13-47
127            android:screenOrientation="nosensor"
127-->src\main\AndroidManifest.xml:84:13-49
128            android:theme="@style/Theme.MaterialComponents.DayNight.DarkActionBar"
128-->src\main\AndroidManifest.xml:85:13-83
129            android:windowSoftInputMode="adjustPan" />
129-->src\main\AndroidManifest.xml:86:13-52
130        <activity
130-->src\main\AndroidManifest.xml:87:9-91:52
131            android:name="com.example.satellitefinder.ui.activites.SatellitesActivity"
131-->src\main\AndroidManifest.xml:88:13-60
132            android:exported="false"
132-->src\main\AndroidManifest.xml:89:13-37
133            android:hardwareAccelerated="true"
133-->src\main\AndroidManifest.xml:90:13-47
134            android:screenOrientation="nosensor" />
134-->src\main\AndroidManifest.xml:91:13-49
135        <activity
135-->src\main\AndroidManifest.xml:92:9-96:52
136            android:name="com.example.satellitefinder.ui.activites.SatelliteFindActivity"
136-->src\main\AndroidManifest.xml:93:13-63
137            android:exported="false"
137-->src\main\AndroidManifest.xml:94:13-37
138            android:hardwareAccelerated="true"
138-->src\main\AndroidManifest.xml:95:13-47
139            android:screenOrientation="nosensor" />
139-->src\main\AndroidManifest.xml:96:13-49
140        <activity
140-->src\main\AndroidManifest.xml:97:9-101:52
141            android:name="com.example.satellitefinder.ui.activites.PermissionActivity"
141-->src\main\AndroidManifest.xml:98:13-60
142            android:exported="false"
142-->src\main\AndroidManifest.xml:99:13-37
143            android:hardwareAccelerated="true"
143-->src\main\AndroidManifest.xml:100:13-47
144            android:screenOrientation="nosensor" />
144-->src\main\AndroidManifest.xml:101:13-49
145        <activity
145-->src\main\AndroidManifest.xml:102:9-112:20
146            android:name="com.example.satellitefinder.ui.activites.SplashActivity"
146-->src\main\AndroidManifest.xml:103:13-56
147            android:exported="true"
147-->src\main\AndroidManifest.xml:104:13-36
148            android:hardwareAccelerated="true"
148-->src\main\AndroidManifest.xml:105:13-47
149            android:screenOrientation="nosensor" >
149-->src\main\AndroidManifest.xml:106:13-49
150            <intent-filter>
150-->src\main\AndroidManifest.xml:107:13-111:29
151                <action android:name="android.intent.action.MAIN" />
151-->src\main\AndroidManifest.xml:108:17-69
151-->src\main\AndroidManifest.xml:108:25-66
152
153                <category android:name="android.intent.category.LAUNCHER" />
153-->src\main\AndroidManifest.xml:110:17-77
153-->src\main\AndroidManifest.xml:110:27-74
154            </intent-filter>
155        </activity>
156        <activity
156-->src\main\AndroidManifest.xml:113:9-117:52
157            android:name="com.example.satellitefinder.ui.activites.MainActivity"
157-->src\main\AndroidManifest.xml:114:13-54
158            android:configChanges="locale"
158-->src\main\AndroidManifest.xml:115:13-43
159            android:exported="false"
159-->src\main\AndroidManifest.xml:116:13-37
160            android:screenOrientation="nosensor" />
160-->src\main\AndroidManifest.xml:117:13-49
161
162        <meta-data
162-->src\main\AndroidManifest.xml:119:9-121:45
163            android:name="com.google.android.gms.ads.APPLICATION_ID"
163-->src\main\AndroidManifest.xml:120:13-69
164            android:value="@string/appID" />
164-->src\main\AndroidManifest.xml:121:13-42
165        <meta-data
165-->src\main\AndroidManifest.xml:122:9-124:47
166            android:name="com.google.android.geo.API_KEY"
166-->src\main\AndroidManifest.xml:123:13-58
167            android:value="@string/map_key" />
167-->src\main\AndroidManifest.xml:124:13-44
168        <meta-data
168-->src\main\AndroidManifest.xml:125:9-127:57
169            android:name="preloaded_fonts"
169-->src\main\AndroidManifest.xml:126:13-43
170            android:resource="@array/preloaded_fonts" />
170-->src\main\AndroidManifest.xml:127:13-54
171        <meta-data
171-->src\main\AndroidManifest.xml:128:9-130:53
172            android:name="com.google.firebase.messaging.default_notification_icon"
172-->src\main\AndroidManifest.xml:129:13-83
173            android:resource="@drawable/app_icon" />
173-->src\main\AndroidManifest.xml:130:13-50
174        <meta-data
174-->src\main\AndroidManifest.xml:131:9-133:49
175            android:name="com.google.firebase.messaging.default_notification_color"
175-->src\main\AndroidManifest.xml:132:13-84
176            android:resource="@color/primary" />
176-->src\main\AndroidManifest.xml:133:13-46
177        <meta-data
177-->[com.android.billingclient:billing:6.1.0] AndroidManifest.xml:19:9-21:37
178            android:name="com.google.android.play.billingclient.version"
178-->[com.android.billingclient:billing:6.1.0] AndroidManifest.xml:20:13-73
179            android:value="6.1.0" />
179-->[com.android.billingclient:billing:6.1.0] AndroidManifest.xml:21:13-34
180
181        <activity
181-->[com.android.billingclient:billing:6.1.0] AndroidManifest.xml:23:9-27:75
182            android:name="com.android.billingclient.api.ProxyBillingActivity"
182-->[com.android.billingclient:billing:6.1.0] AndroidManifest.xml:24:13-78
183            android:configChanges="keyboard|keyboardHidden|screenLayout|screenSize|orientation"
183-->[com.android.billingclient:billing:6.1.0] AndroidManifest.xml:25:13-96
184            android:exported="false"
184-->[com.android.billingclient:billing:6.1.0] AndroidManifest.xml:26:13-37
185            android:theme="@android:style/Theme.Translucent.NoTitleBar" /> <!-- Needs to be explicitly declared on P+ -->
185-->[com.android.billingclient:billing:6.1.0] AndroidManifest.xml:27:13-72
186        <uses-library
186-->[com.google.android.gms:play-services-maps:18.1.0] AndroidManifest.xml:39:9-41:40
187            android:name="org.apache.http.legacy"
187-->[com.google.android.gms:play-services-maps:18.1.0] AndroidManifest.xml:40:13-50
188            android:required="false" />
188-->[com.google.android.gms:play-services-maps:18.1.0] AndroidManifest.xml:41:13-37
189
190        <receiver
190-->[com.google.firebase:firebase-messaging:23.0.5] AndroidManifest.xml:31:9-38:20
191            android:name="com.google.firebase.iid.FirebaseInstanceIdReceiver"
191-->[com.google.firebase:firebase-messaging:23.0.5] AndroidManifest.xml:32:13-78
192            android:exported="true"
192-->[com.google.firebase:firebase-messaging:23.0.5] AndroidManifest.xml:33:13-36
193            android:permission="com.google.android.c2dm.permission.SEND" >
193-->[com.google.firebase:firebase-messaging:23.0.5] AndroidManifest.xml:34:13-73
194            <intent-filter>
194-->[com.google.firebase:firebase-messaging:23.0.5] AndroidManifest.xml:35:13-37:29
195                <action android:name="com.google.android.c2dm.intent.RECEIVE" />
195-->[com.google.firebase:firebase-messaging:23.0.5] AndroidManifest.xml:36:17-81
195-->[com.google.firebase:firebase-messaging:23.0.5] AndroidManifest.xml:36:25-78
196            </intent-filter>
197        </receiver>
198        <!--
199             FirebaseMessagingService performs security checks at runtime,
200             but set to not exported to explicitly avoid allowing another app to call it.
201        -->
202        <service
202-->[com.google.firebase:firebase-messaging:23.0.5] AndroidManifest.xml:44:9-51:19
203            android:name="com.google.firebase.messaging.FirebaseMessagingService"
203-->[com.google.firebase:firebase-messaging:23.0.5] AndroidManifest.xml:45:13-82
204            android:directBootAware="true"
204-->[com.google.firebase:firebase-messaging:23.0.5] AndroidManifest.xml:46:13-43
205            android:exported="false" >
205-->[com.google.firebase:firebase-messaging:23.0.5] AndroidManifest.xml:47:13-37
206            <intent-filter android:priority="-500" >
206-->[com.google.firebase:firebase-messaging:23.0.5] AndroidManifest.xml:48:13-50:29
206-->[com.google.firebase:firebase-messaging:23.0.5] AndroidManifest.xml:48:28-51
207                <action android:name="com.google.firebase.MESSAGING_EVENT" />
207-->[com.google.firebase:firebase-messaging:23.0.5] AndroidManifest.xml:49:17-78
207-->[com.google.firebase:firebase-messaging:23.0.5] AndroidManifest.xml:49:25-75
208            </intent-filter>
209        </service>
210        <service
210-->[com.google.firebase:firebase-messaging:23.0.5] AndroidManifest.xml:52:9-58:19
211            android:name="com.google.firebase.components.ComponentDiscoveryService"
211-->[com.google.firebase:firebase-messaging:23.0.5] AndroidManifest.xml:53:13-84
212            android:directBootAware="true"
212-->[com.google.firebase:firebase-common:20.1.1] AndroidManifest.xml:35:13-43
213            android:exported="false" >
213-->[com.google.firebase:firebase-messaging:23.0.5] AndroidManifest.xml:54:13-37
214            <meta-data
214-->[com.google.firebase:firebase-messaging:23.0.5] AndroidManifest.xml:55:13-57:85
215                android:name="com.google.firebase.components:com.google.firebase.messaging.FirebaseMessagingRegistrar"
215-->[com.google.firebase:firebase-messaging:23.0.5] AndroidManifest.xml:56:17-119
216                android:value="com.google.firebase.components.ComponentRegistrar" />
216-->[com.google.firebase:firebase-messaging:23.0.5] AndroidManifest.xml:57:17-82
217            <meta-data
217-->[com.google.firebase:firebase-crashlytics:18.2.11] AndroidManifest.xml:18:13-20:85
218                android:name="com.google.firebase.components:com.google.firebase.crashlytics.CrashlyticsRegistrar"
218-->[com.google.firebase:firebase-crashlytics:18.2.11] AndroidManifest.xml:19:17-115
219                android:value="com.google.firebase.components.ComponentRegistrar" />
219-->[com.google.firebase:firebase-crashlytics:18.2.11] AndroidManifest.xml:20:17-82
220            <meta-data
220-->[com.google.firebase:firebase-config-ktx:21.1.0] AndroidManifest.xml:15:13-17:85
221                android:name="com.google.firebase.components:com.google.firebase.remoteconfig.ktx.FirebaseRemoteConfigKtxRegistrar"
221-->[com.google.firebase:firebase-config-ktx:21.1.0] AndroidManifest.xml:16:17-132
222                android:value="com.google.firebase.components.ComponentRegistrar" />
222-->[com.google.firebase:firebase-config-ktx:21.1.0] AndroidManifest.xml:17:17-82
223            <meta-data
223-->[com.google.firebase:firebase-config:21.1.0] AndroidManifest.xml:32:13-34:85
224                android:name="com.google.firebase.components:com.google.firebase.remoteconfig.RemoteConfigRegistrar"
224-->[com.google.firebase:firebase-config:21.1.0] AndroidManifest.xml:33:17-117
225                android:value="com.google.firebase.components.ComponentRegistrar" />
225-->[com.google.firebase:firebase-config:21.1.0] AndroidManifest.xml:34:17-82
226            <meta-data
226-->[com.google.firebase:firebase-analytics-ktx:21.0.0] AndroidManifest.xml:11:13-13:85
227                android:name="com.google.firebase.components:com.google.firebase.analytics.ktx.FirebaseAnalyticsKtxRegistrar"
227-->[com.google.firebase:firebase-analytics-ktx:21.0.0] AndroidManifest.xml:12:17-126
228                android:value="com.google.firebase.components.ComponentRegistrar" />
228-->[com.google.firebase:firebase-analytics-ktx:21.0.0] AndroidManifest.xml:13:17-82
229            <meta-data
229-->[com.google.android.gms:play-services-measurement-api:21.0.0] AndroidManifest.xml:31:13-33:85
230                android:name="com.google.firebase.components:com.google.firebase.analytics.connector.internal.AnalyticsConnectorRegistrar"
230-->[com.google.android.gms:play-services-measurement-api:21.0.0] AndroidManifest.xml:32:17-139
231                android:value="com.google.firebase.components.ComponentRegistrar" />
231-->[com.google.android.gms:play-services-measurement-api:21.0.0] AndroidManifest.xml:33:17-82
232            <meta-data
232-->[com.google.firebase:firebase-installations:17.0.1] AndroidManifest.xml:18:13-20:85
233                android:name="com.google.firebase.components:com.google.firebase.installations.FirebaseInstallationsRegistrar"
233-->[com.google.firebase:firebase-installations:17.0.1] AndroidManifest.xml:19:17-127
234                android:value="com.google.firebase.components.ComponentRegistrar" />
234-->[com.google.firebase:firebase-installations:17.0.1] AndroidManifest.xml:20:17-82
235            <meta-data
235-->[com.google.firebase:firebase-abt:21.0.1] AndroidManifest.xml:13:13-15:85
236                android:name="com.google.firebase.components:com.google.firebase.abt.component.AbtRegistrar"
236-->[com.google.firebase:firebase-abt:21.0.1] AndroidManifest.xml:14:17-109
237                android:value="com.google.firebase.components.ComponentRegistrar" />
237-->[com.google.firebase:firebase-abt:21.0.1] AndroidManifest.xml:15:17-82
238            <meta-data
238-->[com.google.firebase:firebase-common-ktx:20.1.1] AndroidManifest.xml:15:13-17:85
239                android:name="com.google.firebase.components:com.google.firebase.ktx.FirebaseCommonKtxRegistrar"
239-->[com.google.firebase:firebase-common-ktx:20.1.1] AndroidManifest.xml:16:17-113
240                android:value="com.google.firebase.components.ComponentRegistrar" />
240-->[com.google.firebase:firebase-common-ktx:20.1.1] AndroidManifest.xml:17:17-82
241            <meta-data
241-->[com.google.firebase:firebase-datatransport:18.1.4] AndroidManifest.xml:28:13-30:85
242                android:name="com.google.firebase.components:com.google.firebase.datatransport.TransportRegistrar"
242-->[com.google.firebase:firebase-datatransport:18.1.4] AndroidManifest.xml:29:17-115
243                android:value="com.google.firebase.components.ComponentRegistrar" />
243-->[com.google.firebase:firebase-datatransport:18.1.4] AndroidManifest.xml:30:17-82
244        </service>
245
246        <activity
246-->[com.google.android.gms:play-services-base:18.1.0] AndroidManifest.xml:20:9-22:45
247            android:name="com.google.android.gms.common.api.GoogleApiActivity"
247-->[com.google.android.gms:play-services-base:18.1.0] AndroidManifest.xml:20:19-85
248            android:exported="false"
248-->[com.google.android.gms:play-services-base:18.1.0] AndroidManifest.xml:22:19-43
249            android:theme="@android:style/Theme.Translucent.NoTitleBar" />
249-->[com.google.android.gms:play-services-base:18.1.0] AndroidManifest.xml:21:19-78
250
251        <provider
251-->[com.google.android.gms:play-services-ads-lite:22.2.0] AndroidManifest.xml:60:9-65:43
252            android:name="com.google.android.gms.ads.MobileAdsInitProvider"
252-->[com.google.android.gms:play-services-ads-lite:22.2.0] AndroidManifest.xml:61:13-76
253            android:authorities="com.is.satellite.finder.gps.detector.app.mobileadsinitprovider"
253-->[com.google.android.gms:play-services-ads-lite:22.2.0] AndroidManifest.xml:62:13-73
254            android:exported="false"
254-->[com.google.android.gms:play-services-ads-lite:22.2.0] AndroidManifest.xml:63:13-37
255            android:initOrder="100" />
255-->[com.google.android.gms:play-services-ads-lite:22.2.0] AndroidManifest.xml:64:13-36
256
257        <service
257-->[com.google.android.gms:play-services-ads-lite:22.2.0] AndroidManifest.xml:67:9-71:43
258            android:name="com.google.android.gms.ads.AdService"
258-->[com.google.android.gms:play-services-ads-lite:22.2.0] AndroidManifest.xml:68:13-64
259            android:enabled="true"
259-->[com.google.android.gms:play-services-ads-lite:22.2.0] AndroidManifest.xml:69:13-35
260            android:exported="false" />
260-->[com.google.android.gms:play-services-ads-lite:22.2.0] AndroidManifest.xml:70:13-37
261
262        <activity
262-->[com.google.android.gms:play-services-ads-lite:22.2.0] AndroidManifest.xml:73:9-77:43
263            android:name="com.google.android.gms.ads.OutOfContextTestingActivity"
263-->[com.google.android.gms:play-services-ads-lite:22.2.0] AndroidManifest.xml:74:13-82
264            android:configChanges="keyboard|keyboardHidden|orientation|screenLayout|uiMode|screenSize|smallestScreenSize"
264-->[com.google.android.gms:play-services-ads-lite:22.2.0] AndroidManifest.xml:75:13-122
265            android:exported="false" />
265-->[com.google.android.gms:play-services-ads-lite:22.2.0] AndroidManifest.xml:76:13-37
266
267        <provider
267-->[com.google.firebase:firebase-common:20.1.1] AndroidManifest.xml:26:9-31:39
268            android:name="com.google.firebase.provider.FirebaseInitProvider"
268-->[com.google.firebase:firebase-common:20.1.1] AndroidManifest.xml:27:13-77
269            android:authorities="com.is.satellite.finder.gps.detector.app.firebaseinitprovider"
269-->[com.google.firebase:firebase-common:20.1.1] AndroidManifest.xml:28:13-72
270            android:directBootAware="true"
270-->[com.google.firebase:firebase-common:20.1.1] AndroidManifest.xml:29:13-43
271            android:exported="false"
271-->[com.google.firebase:firebase-common:20.1.1] AndroidManifest.xml:30:13-37
272            android:initOrder="100" />